[01m[K/home/saumya/catkin_ws2/src/quad/src/impulse_node.cpp:[m[K In function ‘[01m[Kint main(int, char**)[m[K’:
[01m[K/home/saumya/catkin_ws2/src/quad/src/impulse_node.cpp:81:27:[m[K [01;31m[Kerror: [m[K‘[01m[Kbody_name[m[K’ was not declared in this scope
         send_impulse.call([01;31m[Kbody_name[m[K= "test::base_link", wrench= wrench_body, duration= ros::Duration(10));
                           [01;31m[K^~~~~~~~~[m[K
[01m[K/home/saumya/catkin_ws2/src/quad/src/impulse_node.cpp:81:27:[m[K [01;36m[Knote: [m[Ksuggested alternative: ‘[01m[Kbasename[m[K’
         send_impulse.call([01;36m[Kbody_name[m[K= "test::base_link", wrench= wrench_body, duration= ros::Duration(10));
                           [01;36m[K^~~~~~~~~[m[K
                           [32m[Kbasename[m[K
[01m[K/home/saumya/catkin_ws2/src/quad/src/impulse_node.cpp:81:57:[m[K [01;31m[Kerror: [m[K‘[01m[Kwrench[m[K’ was not declared in this scope
         send_impulse.call(body_name= "test::base_link", [01;31m[Kwrench[m[K= wrench_body, duration= ros::Duration(10));
                                                         [01;31m[K^~~~~~[m[K
[01m[K/home/saumya/catkin_ws2/src/quad/src/impulse_node.cpp:81:57:[m[K [01;36m[Knote: [m[Ksuggested alternative: ‘[01m[Ktruncq[m[K’
         send_impulse.call(body_name= "test::base_link", [01;36m[Kwrench[m[K= wrench_body, duration= ros::Duration(10));
                                                         [01;36m[K^~~~~~[m[K
                                                         [32m[Ktruncq[m[K
[01m[K/home/saumya/catkin_ws2/src/quad/src/impulse_node.cpp:81:78:[m[K [01;31m[Kerror: [m[K‘[01m[Kduration[m[K’ was not declared in this scope
         send_impulse.call(body_name= "test::base_link", wrench= wrench_body, [01;31m[Kduration[m[K= ros::Duration(10));
                                                                              [01;31m[K^~~~~~~~[m[K
[01m[K/home/saumya/catkin_ws2/src/quad/src/impulse_node.cpp:81:78:[m[K [01;36m[Knote: [m[Ksuggested alternative: ‘[01m[Kdaemon[m[K’
         send_impulse.call(body_name= "test::base_link", wrench= wrench_body, [01;36m[Kduration[m[K= ros::Duration(10));
                                                                              [01;36m[K^~~~~~~~[m[K
                                                                              [32m[Kdaemon[m[K
make[2]: *** [CMakeFiles/impulse_commands.dir/src/impulse_node.cpp.o] Error 1
make[1]: *** [CMakeFiles/impulse_commands.dir/all] Error 2
make: *** [all] Error 2
