In file included from [01m[K/opt/ros/melodic/include/ros/ros.h:40:0[m[K,
                 from [01m[K/home/saumya/catkin_ws2/src/quad/src/offb_node.cpp:1[m[K:
[01m[K/home/saumya/catkin_ws2/src/quad/src/offb_node.cpp:[m[K In function ‘[01m[Kvoid pose_cb(const ConstPtr&)[m[K’:
[01m[K/home/saumya/catkin_ws2/src/quad/src/offb_node.cpp:21:53:[m[K [01;31m[Kerror: [m[K‘[01m[Kgeometry_msgs::PoseWithCovarianceStamped_<std::allocator<void> >::_pose_type {aka struct geometry_msgs::PoseWithCovariance_<std::allocator<void> >}[m[K’ has no member named ‘[01m[Kposition[m[K’
     ROS_INFO("x: %f y: %f Z: %f", current_pose.pose.[01;31m[Kp[m[Kosition.x, current_pose.pose.position.y, current_pose.pose.position.z);
                                                     [01;31m[K^[m[K
[01m[K/opt/ros/melodic/include/ros/console.h:348:165:[m[K [01;36m[Knote: [m[Kin definition of macro ‘[01m[KROSCONSOLE_PRINT_AT_LOCATION_WITH_FILTER[m[K’
     ::ros::console::print(filter, __rosconsole_define_location__loc.logger_, __rosconsole_define_location__loc.level_, __FILE__, __LINE__, __ROSCONSOLE_FUNCTION__, [01;36m[K__VA_ARGS__[m[K)
                                                                                                                                                                     [01;36m[K^~~~~~~~~~~[m[K
[01m[K/opt/ros/melodic/include/ros/console.h:387:7:[m[K [01;36m[Knote: [m[Kin expansion of macro ‘[01m[KROSCONSOLE_PRINT_AT_LOCATION[m[K’
       [01;36m[KROSCONSOLE_PRINT_AT_LOCATION[m[K(__VA_ARGS__); \
       [01;36m[K^~~~~~~~~~~~~~~~~~~~~~~~~~~~[m[K
[01m[K/opt/ros/melodic/include/ros/console.h:572:35:[m[K [01;36m[Knote: [m[Kin expansion of macro ‘[01m[KROS_LOG_COND[m[K’
 #define ROS_LOG(level, name, ...) [01;36m[KROS_LOG_COND[m[K(true, level, name, __VA_ARGS__)
                                   [01;36m[K^~~~~~~~~~~~[m[K
[01m[K/opt/ros/melodic/include/rosconsole/macros_generated.h:110:23:[m[K [01;36m[Knote: [m[Kin expansion of macro ‘[01m[KROS_LOG[m[K’
 #define ROS_INFO(...) [01;36m[KROS_LOG[m[K(::ros::console::levels::Info, ROSCONSOLE_DEFAULT_NAME, __VA_ARGS__)
                       [01;36m[K^~~~~~~[m[K
[01m[K/home/saumya/catkin_ws2/src/quad/src/offb_node.cpp:21:5:[m[K [01;36m[Knote: [m[Kin expansion of macro ‘[01m[KROS_INFO[m[K’
     [01;36m[KR[m[KOS_INFO("x: %f y: %f Z: %f", current_pose.pose.position.x, current_pose.pose.position.y, current_pose.pose.position.z);
     [01;36m[K^[m[K
[01m[K/home/saumya/catkin_ws2/src/quad/src/offb_node.cpp:21:83:[m[K [01;31m[Kerror: [m[K‘[01m[Kgeometry_msgs::PoseWithCovarianceStamped_<std::allocator<void> >::_pose_type {aka struct geometry_msgs::PoseWithCovariance_<std::allocator<void> >}[m[K’ has no member named ‘[01m[Kposition[m[K’
     ROS_INFO("x: %f y: %f Z: %f", current_pose.pose.position.x, current_pose.pose.[01;31m[Kp[m[Kosition.y, current_pose.pose.position.z);
                                                                                   [01;31m[K^[m[K
[01m[K/opt/ros/melodic/include/ros/console.h:348:165:[m[K [01;36m[Knote: [m[Kin definition of macro ‘[01m[KROSCONSOLE_PRINT_AT_LOCATION_WITH_FILTER[m[K’
     ::ros::console::print(filter, __rosconsole_define_location__loc.logger_, __rosconsole_define_location__loc.level_, __FILE__, __LINE__, __ROSCONSOLE_FUNCTION__, [01;36m[K__VA_ARGS__[m[K)
                                                                                                                                                                     [01;36m[K^~~~~~~~~~~[m[K
[01m[K/opt/ros/melodic/include/ros/console.h:387:7:[m[K [01;36m[Knote: [m[Kin expansion of macro ‘[01m[KROSCONSOLE_PRINT_AT_LOCATION[m[K’
       [01;36m[KROSCONSOLE_PRINT_AT_LOCATION[m[K(__VA_ARGS__); \
       [01;36m[K^~~~~~~~~~~~~~~~~~~~~~~~~~~~[m[K
[01m[K/opt/ros/melodic/include/ros/console.h:572:35:[m[K [01;36m[Knote: [m[Kin expansion of macro ‘[01m[KROS_LOG_COND[m[K’
 #define ROS_LOG(level, name, ...) [01;36m[KROS_LOG_COND[m[K(true, level, name, __VA_ARGS__)
                                   [01;36m[K^~~~~~~~~~~~[m[K
[01m[K/opt/ros/melodic/include/rosconsole/macros_generated.h:110:23:[m[K [01;36m[Knote: [m[Kin expansion of macro ‘[01m[KROS_LOG[m[K’
 #define ROS_INFO(...) [01;36m[KROS_LOG[m[K(::ros::console::levels::Info, ROSCONSOLE_DEFAULT_NAME, __VA_ARGS__)
                       [01;36m[K^~~~~~~[m[K
[01m[K/home/saumya/catkin_ws2/src/quad/src/offb_node.cpp:21:5:[m[K [01;36m[Knote: [m[Kin expansion of macro ‘[01m[KROS_INFO[m[K’
     [01;36m[KR[m[KOS_INFO("x: %f y: %f Z: %f", current_pose.pose.position.x, current_pose.pose.position.y, current_pose.pose.position.z);
     [01;36m[K^[m[K
[01m[K/home/saumya/catkin_ws2/src/quad/src/offb_node.cpp:21:113:[m[K [01;31m[Kerror: [m[K‘[01m[Kgeometry_msgs::PoseWithCovarianceStamped_<std::allocator<void> >::_pose_type {aka struct geometry_msgs::PoseWithCovariance_<std::allocator<void> >}[m[K’ has no member named ‘[01m[Kposition[m[K’
     ROS_INFO("x: %f y: %f Z: %f", current_pose.pose.position.x, current_pose.pose.position.y, current_pose.pose.[01;31m[Kp[m[Kosition.z);
                                                                                                                 [01;31m[K^[m[K
[01m[K/opt/ros/melodic/include/ros/console.h:348:165:[m[K [01;36m[Knote: [m[Kin definition of macro ‘[01m[KROSCONSOLE_PRINT_AT_LOCATION_WITH_FILTER[m[K’
     ::ros::console::print(filter, __rosconsole_define_location__loc.logger_, __rosconsole_define_location__loc.level_, __FILE__, __LINE__, __ROSCONSOLE_FUNCTION__, [01;36m[K__VA_ARGS__[m[K)
                                                                                                                                                                     [01;36m[K^~~~~~~~~~~[m[K
[01m[K/opt/ros/melodic/include/ros/console.h:387:7:[m[K [01;36m[Knote: [m[Kin expansion of macro ‘[01m[KROSCONSOLE_PRINT_AT_LOCATION[m[K’
       [01;36m[KROSCONSOLE_PRINT_AT_LOCATION[m[K(__VA_ARGS__); \
       [01;36m[K^~~~~~~~~~~~~~~~~~~~~~~~~~~~[m[K
[01m[K/opt/ros/melodic/include/ros/console.h:572:35:[m[K [01;36m[Knote: [m[Kin expansion of macro ‘[01m[KROS_LOG_COND[m[K’
 #define ROS_LOG(level, name, ...) [01;36m[KROS_LOG_COND[m[K(true, level, name, __VA_ARGS__)
                                   [01;36m[K^~~~~~~~~~~~[m[K
[01m[K/opt/ros/melodic/include/rosconsole/macros_generated.h:110:23:[m[K [01;36m[Knote: [m[Kin expansion of macro ‘[01m[KROS_LOG[m[K’
 #define ROS_INFO(...) [01;36m[KROS_LOG[m[K(::ros::console::levels::Info, ROSCONSOLE_DEFAULT_NAME, __VA_ARGS__)
                       [01;36m[K^~~~~~~[m[K
[01m[K/home/saumya/catkin_ws2/src/quad/src/offb_node.cpp:21:5:[m[K [01;36m[Knote: [m[Kin expansion of macro ‘[01m[KROS_INFO[m[K’
     [01;36m[KR[m[KOS_INFO("x: %f y: %f Z: %f", current_pose.pose.position.x, current_pose.pose.position.y, current_pose.pose.position.z);
     [01;36m[K^[m[K
make[2]: *** [CMakeFiles/offb_commands.dir/src/offb_node.cpp.o] Error 1
make[1]: *** [CMakeFiles/offb_commands.dir/all] Error 2
make: *** [all] Error 2
