[01m[K/home/saumya/catkin_ws2/src/quad/src/wind_node.cpp:[m[K In function ‘[01m[Kint main(int, char**)[m[K’:
[01m[K/home/saumya/catkin_ws2/src/quad/src/wind_node.cpp:65:49:[m[K [01;31m[Kerror: [m[Kno matching function for call to ‘[01m[Ksin(ros::Time&)[m[K’
     wind_data.twist.linear.x =-5*sin(now_request[01;31m[K)[m[K;
                                                 [01;31m[K^[m[K
In file included from [01m[K/usr/include/features.h:424:0[m[K,
                 from [01m[K/usr/include/x86_64-linux-gnu/c++/7/bits/os_defines.h:39[m[K,
                 from [01m[K/usr/include/x86_64-linux-gnu/c++/7/bits/c++config.h:533[m[K,
                 from [01m[K/usr/include/c++/7/cstdlib:41[m[K,
                 from [01m[K/usr/include/c++/7/stdlib.h:36[m[K,
                 from [01m[K/opt/ros/melodic/include/ros/platform.h:37[m[K,
                 from [01m[K/opt/ros/melodic/include/ros/time.h:53[m[K,
                 from [01m[K/opt/ros/melodic/include/ros/ros.h:38[m[K,
                 from [01m[K/home/saumya/catkin_ws2/src/quad/src/wind_node.cpp:1[m[K:
[01m[K/usr/include/x86_64-linux-gnu/bits/mathcalls.h:64:1:[m[K [01;36m[Knote: [m[Kcandidate: double sin(double)
 [01;36m[K_[m[K_MATHCALL_VEC (sin,, (_Mdouble_ __x));
 [01;36m[K^[m[K
[01m[K/usr/include/x86_64-linux-gnu/bits/mathcalls.h:64:1:[m[K [01;36m[Knote: [m[K  no known conversion for argument 1 from ‘[01m[Kros::Time[m[K’ to ‘[01m[Kdouble[m[K’
In file included from [01m[K/opt/ros/melodic/include/ros/time.h:55:0[m[K,
                 from [01m[K/opt/ros/melodic/include/ros/ros.h:38[m[K,
                 from [01m[K/home/saumya/catkin_ws2/src/quad/src/wind_node.cpp:1[m[K:
[01m[K/usr/include/c++/7/cmath:425:3:[m[K [01;36m[Knote: [m[Kcandidate: constexpr float std::sin(float)
   [01;36m[Ksin[m[K(float __x)
   [01;36m[K^~~[m[K
[01m[K/usr/include/c++/7/cmath:425:3:[m[K [01;36m[Knote: [m[K  no known conversion for argument 1 from ‘[01m[Kros::Time[m[K’ to ‘[01m[Kfloat[m[K’
[01m[K/usr/include/c++/7/cmath:429:3:[m[K [01;36m[Knote: [m[Kcandidate: constexpr long double std::sin(long double)
   [01;36m[Ksin[m[K(long double __x)
   [01;36m[K^~~[m[K
[01m[K/usr/include/c++/7/cmath:429:3:[m[K [01;36m[Knote: [m[K  no known conversion for argument 1 from ‘[01m[Kros::Time[m[K’ to ‘[01m[Klong double[m[K’
[01m[K/usr/include/c++/7/cmath:437:5:[m[K [01;36m[Knote: [m[Kcandidate: template<class _Tp> constexpr typename __gnu_cxx::__enable_if<std::__is_integer<_Tp>::__value, double>::__type std::sin(_Tp)
     [01;36m[Ksin[m[K(_Tp __x)
     [01;36m[K^~~[m[K
[01m[K/usr/include/c++/7/cmath:437:5:[m[K [01;36m[Knote: [m[K  template argument deduction/substitution failed:
/usr/include/c++/7/cmath: In substitution of ‘[01m[Ktemplate<class _Tp> constexpr typename __gnu_cxx::__enable_if<std::__is_integer<_Tp>::__value, double>::__type std::sin(_Tp) [with _Tp = ros::Time][m[K’:
[01m[K/home/saumya/catkin_ws2/src/quad/src/wind_node.cpp:65:49:[m[K   required from here
[01m[K/usr/include/c++/7/cmath:437:5:[m[K [01;31m[Kerror: [m[Kno type named ‘[01m[K__type[m[K’ in ‘[01m[Kstruct __gnu_cxx::__enable_if<false, double>[m[K’
[01m[K/home/saumya/catkin_ws2/src/quad/src/wind_node.cpp:66:48:[m[K [01;31m[Kerror: [m[Kno matching function for call to ‘[01m[Kcos(ros::Time&)[m[K’
     wind_data.twist.linear.y =5*cos(now_request[01;31m[K)[m[K;
                                                [01;31m[K^[m[K
In file included from [01m[K/usr/include/features.h:424:0[m[K,
                 from [01m[K/usr/include/x86_64-linux-gnu/c++/7/bits/os_defines.h:39[m[K,
                 from [01m[K/usr/include/x86_64-linux-gnu/c++/7/bits/c++config.h:533[m[K,
                 from [01m[K/usr/include/c++/7/cstdlib:41[m[K,
                 from [01m[K/usr/include/c++/7/stdlib.h:36[m[K,
                 from [01m[K/opt/ros/melodic/include/ros/platform.h:37[m[K,
                 from [01m[K/opt/ros/melodic/include/ros/time.h:53[m[K,
                 from [01m[K/opt/ros/melodic/include/ros/ros.h:38[m[K,
                 from [01m[K/home/saumya/catkin_ws2/src/quad/src/wind_node.cpp:1[m[K:
[01m[K/usr/include/x86_64-linux-gnu/bits/mathcalls.h:62:1:[m[K [01;36m[Knote: [m[Kcandidate: double cos(double)
 [01;36m[K_[m[K_MATHCALL_VEC (cos,, (_Mdouble_ __x));
 [01;36m[K^[m[K
[01m[K/usr/include/x86_64-linux-gnu/bits/mathcalls.h:62:1:[m[K [01;36m[Knote: [m[K  no known conversion for argument 1 from ‘[01m[Kros::Time[m[K’ to ‘[01m[Kdouble[m[K’
In file included from [01m[K/opt/ros/melodic/include/ros/time.h:55:0[m[K,
                 from [01m[K/opt/ros/melodic/include/ros/ros.h:38[m[K,
                 from [01m[K/home/saumya/catkin_ws2/src/quad/src/wind_node.cpp:1[m[K:
[01m[K/usr/include/c++/7/cmath:184:3:[m[K [01;36m[Knote: [m[Kcandidate: constexpr float std::cos(float)
   [01;36m[Kcos[m[K(float __x)
   [01;36m[K^~~[m[K
[01m[K/usr/include/c++/7/cmath:184:3:[m[K [01;36m[Knote: [m[K  no known conversion for argument 1 from ‘[01m[Kros::Time[m[K’ to ‘[01m[Kfloat[m[K’
[01m[K/usr/include/c++/7/cmath:188:3:[m[K [01;36m[Knote: [m[Kcandidate: constexpr long double std::cos(long double)
   [01;36m[Kcos[m[K(long double __x)
   [01;36m[K^~~[m[K
[01m[K/usr/include/c++/7/cmath:188:3:[m[K [01;36m[Knote: [m[K  no known conversion for argument 1 from ‘[01m[Kros::Time[m[K’ to ‘[01m[Klong double[m[K’
[01m[K/usr/include/c++/7/cmath:196:5:[m[K [01;36m[Knote: [m[Kcandidate: template<class _Tp> constexpr typename __gnu_cxx::__enable_if<std::__is_integer<_Tp>::__value, double>::__type std::cos(_Tp)
     [01;36m[Kcos[m[K(_Tp __x)
     [01;36m[K^~~[m[K
[01m[K/usr/include/c++/7/cmath:196:5:[m[K [01;36m[Knote: [m[K  template argument deduction/substitution failed:
/usr/include/c++/7/cmath: In substitution of ‘[01m[Ktemplate<class _Tp> constexpr typename __gnu_cxx::__enable_if<std::__is_integer<_Tp>::__value, double>::__type std::cos(_Tp) [with _Tp = ros::Time][m[K’:
[01m[K/home/saumya/catkin_ws2/src/quad/src/wind_node.cpp:66:48:[m[K   required from here
[01m[K/usr/include/c++/7/cmath:196:5:[m[K [01;31m[Kerror: [m[Kno type named ‘[01m[K__type[m[K’ in ‘[01m[Kstruct __gnu_cxx::__enable_if<false, double>[m[K’
make[2]: *** [CMakeFiles/wind_commands.dir/src/wind_node.cpp.o] Error 1
make[1]: *** [CMakeFiles/wind_commands.dir/all] Error 2
make: *** [all] Error 2
