[01m[K/home/saumya/catkin_ws2/src/quad/src/offb_node.cpp:[m[K In function ‘[01m[Kint main(int, char**)[m[K’:
[01m[K/home/saumya/catkin_ws2/src/quad/src/offb_node.cpp:23:71:[m[K [01;31m[Kerror: [m[K‘[01m[KCommandTOL[m[K’ is not a member of ‘[01m[Kmavros_msgs[m[K’
     ros::ServiceClient takeoff_client = nh.serviceClient<mavros_msgs::[01;31m[KCommandTOL[m[K>
                                                                       [01;31m[K^~~~~~~~~~[m[K
[01m[K/home/saumya/catkin_ws2/src/quad/src/offb_node.cpp:23:71:[m[K [01;36m[Knote: [m[Ksuggested alternative: ‘[01m[KCommandBool[m[K’
     ros::ServiceClient takeoff_client = nh.serviceClient<mavros_msgs::[01;36m[KCommandTOL[m[K>
                                                                       [01;36m[K^~~~~~~~~~[m[K
                                                                       [32m[KCommandBool[m[K
[01m[K/home/saumya/catkin_ws2/src/quad/src/offb_node.cpp:23:71:[m[K [01;31m[Kerror: [m[K‘[01m[KCommandTOL[m[K’ is not a member of ‘[01m[Kmavros_msgs[m[K’
[01m[K/home/saumya/catkin_ws2/src/quad/src/offb_node.cpp:23:71:[m[K [01;36m[Knote: [m[Ksuggested alternative: ‘[01m[KCommandBool[m[K’
     ros::ServiceClient takeoff_client = nh.serviceClient<mavros_msgs::[01;36m[KCommandTOL[m[K>
                                                                       [01;36m[K^~~~~~~~~~[m[K
                                                                       [32m[KCommandBool[m[K
[01m[K/home/saumya/catkin_ws2/src/quad/src/offb_node.cpp:24:34:[m[K [01;31m[Kerror: [m[Kno matching function for call to ‘[01m[Kros::NodeHandle::serviceClient<<expression error> >(const char [19])[m[K’
             ("mavros/cmd/takeoff"[01;31m[K)[m[K;
                                  [01;31m[K^[m[K
In file included from [01m[K/opt/ros/melodic/include/ros/ros.h:45:0[m[K,
                 from [01m[K/home/saumya/catkin_ws2/src/quad/src/offb_node.cpp:1[m[K:
[01m[K/opt/ros/melodic/include/ros/node_handle.h:1240:17:[m[K [01;36m[Knote: [m[Kcandidate: template<class MReq, class MRes> ros::ServiceClient ros::NodeHandle::serviceClient(const string&, bool, const M_string&)
   ServiceClient [01;36m[KserviceClient[m[K(const std::string& service_name, bool persistent = false,
                 [01;36m[K^~~~~~~~~~~~~[m[K
[01m[K/opt/ros/melodic/include/ros/node_handle.h:1240:17:[m[K [01;36m[Knote: [m[K  template argument deduction/substitution failed:
[01m[K/home/saumya/catkin_ws2/src/quad/src/offb_node.cpp:24:34:[m[K [01;31m[Kerror: [m[Ktemplate argument 1 is invalid
             ("mavros/cmd/takeoff"[01;31m[K)[m[K;
                                  [01;31m[K^[m[K
In file included from [01m[K/opt/ros/melodic/include/ros/ros.h:45:0[m[K,
                 from [01m[K/home/saumya/catkin_ws2/src/quad/src/offb_node.cpp:1[m[K:
[01m[K/opt/ros/melodic/include/ros/node_handle.h:1260:17:[m[K [01;36m[Knote: [m[Kcandidate: template<class Service> ros::ServiceClient ros::NodeHandle::serviceClient(const string&, bool, const M_string&)
   ServiceClient [01;36m[KserviceClient[m[K(const std::string& service_name, bool persistent = false,
                 [01;36m[K^~~~~~~~~~~~~[m[K
[01m[K/opt/ros/melodic/include/ros/node_handle.h:1260:17:[m[K [01;36m[Knote: [m[K  template argument deduction/substitution failed:
[01m[K/home/saumya/catkin_ws2/src/quad/src/offb_node.cpp:24:34:[m[K [01;31m[Kerror: [m[Ktemplate argument 1 is invalid
             ("mavros/cmd/takeoff"[01;31m[K)[m[K;
                                  [01;31m[K^[m[K
[01m[K/home/saumya/catkin_ws2/src/quad/src/offb_node.cpp:25:68:[m[K [01;31m[Kerror: [m[K‘[01m[KCommandTOL[m[K’ is not a member of ‘[01m[Kmavros_msgs[m[K’
     ros::ServiceClient land_client = nh.serviceClient<mavros_msgs::[01;31m[KCommandTOL[m[K>
                                                                    [01;31m[K^~~~~~~~~~[m[K
[01m[K/home/saumya/catkin_ws2/src/quad/src/offb_node.cpp:25:68:[m[K [01;36m[Knote: [m[Ksuggested alternative: ‘[01m[KCommandBool[m[K’
     ros::ServiceClient land_client = nh.serviceClient<mavros_msgs::[01;36m[KCommandTOL[m[K>
                                                                    [01;36m[K^~~~~~~~~~[m[K
                                                                    [32m[KCommandBool[m[K
[01m[K/home/saumya/catkin_ws2/src/quad/src/offb_node.cpp:25:68:[m[K [01;31m[Kerror: [m[K‘[01m[KCommandTOL[m[K’ is not a member of ‘[01m[Kmavros_msgs[m[K’
[01m[K/home/saumya/catkin_ws2/src/quad/src/offb_node.cpp:25:68:[m[K [01;36m[Knote: [m[Ksuggested alternative: ‘[01m[KCommandBool[m[K’
     ros::ServiceClient land_client = nh.serviceClient<mavros_msgs::[01;36m[KCommandTOL[m[K>
                                                                    [01;36m[K^~~~~~~~~~[m[K
                                                                    [32m[KCommandBool[m[K
[01m[K/home/saumya/catkin_ws2/src/quad/src/offb_node.cpp:26:31:[m[K [01;31m[Kerror: [m[Kno matching function for call to ‘[01m[Kros::NodeHandle::serviceClient<<expression error> >(const char [16])[m[K’
             ("mavros/cmd/land"[01;31m[K)[m[K;
                               [01;31m[K^[m[K
In file included from [01m[K/opt/ros/melodic/include/ros/ros.h:45:0[m[K,
                 from [01m[K/home/saumya/catkin_ws2/src/quad/src/offb_node.cpp:1[m[K:
[01m[K/opt/ros/melodic/include/ros/node_handle.h:1240:17:[m[K [01;36m[Knote: [m[Kcandidate: template<class MReq, class MRes> ros::ServiceClient ros::NodeHandle::serviceClient(const string&, bool, const M_string&)
   ServiceClient [01;36m[KserviceClient[m[K(const std::string& service_name, bool persistent = false,
                 [01;36m[K^~~~~~~~~~~~~[m[K
[01m[K/opt/ros/melodic/include/ros/node_handle.h:1240:17:[m[K [01;36m[Knote: [m[K  template argument deduction/substitution failed:
[01m[K/home/saumya/catkin_ws2/src/quad/src/offb_node.cpp:26:31:[m[K [01;31m[Kerror: [m[Ktemplate argument 1 is invalid
             ("mavros/cmd/land"[01;31m[K)[m[K;
                               [01;31m[K^[m[K
In file included from [01m[K/opt/ros/melodic/include/ros/ros.h:45:0[m[K,
                 from [01m[K/home/saumya/catkin_ws2/src/quad/src/offb_node.cpp:1[m[K:
[01m[K/opt/ros/melodic/include/ros/node_handle.h:1260:17:[m[K [01;36m[Knote: [m[Kcandidate: template<class Service> ros::ServiceClient ros::NodeHandle::serviceClient(const string&, bool, const M_string&)
   ServiceClient [01;36m[KserviceClient[m[K(const std::string& service_name, bool persistent = false,
                 [01;36m[K^~~~~~~~~~~~~[m[K
[01m[K/opt/ros/melodic/include/ros/node_handle.h:1260:17:[m[K [01;36m[Knote: [m[K  template argument deduction/substitution failed:
[01m[K/home/saumya/catkin_ws2/src/quad/src/offb_node.cpp:26:31:[m[K [01;31m[Kerror: [m[Ktemplate argument 1 is invalid
             ("mavros/cmd/land"[01;31m[K)[m[K;
                               [01;31m[K^[m[K
[01m[K/home/saumya/catkin_ws2/src/quad/src/offb_node.cpp:79:25:[m[K [01;31m[Kerror: [m[K‘[01m[KCommandTOL[m[K’ is not a member of ‘[01m[Kmavros_msgs[m[K’
            mavros_msgs::[01;31m[KCommandTOL[m[K take_cmd;
                         [01;31m[K^~~~~~~~~~[m[K
[01m[K/home/saumya/catkin_ws2/src/quad/src/offb_node.cpp:79:25:[m[K [01;36m[Knote: [m[Ksuggested alternative: ‘[01m[KCommandBool[m[K’
            mavros_msgs::[01;36m[KCommandTOL[m[K take_cmd;
                         [01;36m[K^~~~~~~~~~[m[K
                         [32m[KCommandBool[m[K
[01m[K/home/saumya/catkin_ws2/src/quad/src/offb_node.cpp:80:5:[m[K [01;31m[Kerror: [m[K‘[01m[Ktake_cmd[m[K’ was not declared in this scope
     [01;31m[Ktake_cmd[m[K.request.altitude = 6;
     [01;31m[K^~~~~~~~[m[K
[01m[K/home/saumya/catkin_ws2/src/quad/src/offb_node.cpp:80:5:[m[K [01;36m[Knote: [m[Ksuggested alternative: ‘[01m[Karm_cmd[m[K’
     [01;36m[Ktake_cmd[m[K.request.altitude = 6;
     [01;36m[K^~~~~~~~[m[K
     [32m[Karm_cmd[m[K
[01m[K/home/saumya/catkin_ws2/src/quad/src/offb_node.cpp:83:8:[m[K [01;35m[Kwarning: [m[Kinit-statement in selection statements only available with -std=c++1z or -std=gnu++1z
     if([01;35m[Ktakeoff_client[m[K.call(take_cmd) &&
        [01;35m[K^~~~~~~~~~~~~~[m[K
[01m[K/home/saumya/catkin_ws2/src/quad/src/offb_node.cpp:88:24:[m[K [01;31m[Kerror: [m[Kexpected ‘[01m[K)[m[K’ before ‘[01m[K;[m[K’ token
         ros::spinOnce()[01;31m[K;[m[K
                        [01;31m[K^[m[K
[01m[K/home/saumya/catkin_ws2/src/quad/src/offb_node.cpp:88:22:[m[K [01;31m[Kerror: [m[Kcould not convert ‘[01m[Kros::spinOnce()[m[K’ from ‘[01m[Kvoid[m[K’ to ‘[01m[Kbool[m[K’
         [01;31m[Kros::spinOnce()[m[K;
         [01;31m[K~~~~~~~~~~~~~^~[m[K
make[2]: *** [CMakeFiles/offb_commands.dir/src/offb_node.cpp.o] Error 1
make[1]: *** [CMakeFiles/offb_commands.dir/all] Error 2
make: *** [all] Error 2
