Determining if the pthread_create exist failed with the following output:
Change Dir: /home/saumya/catkin_ws2/build/hector_geotiff_plugins/CMakeFiles/CMakeTmp

Run Build Command:"/usr/bin/make" "cmTC_030d9/fast"
/usr/bin/make -f CMakeFiles/cmTC_030d9.dir/build.make CMakeFiles/cmTC_030d9.dir/build
make[1]: Entering directory '/home/saumya/catkin_ws2/build/hector_geotiff_plugins/CMakeFiles/CMakeTmp'
Building C object CMakeFiles/cmTC_030d9.dir/CheckSymbolExists.c.o
/usr/bin/cc    -o CMakeFiles/cmTC_030d9.dir/CheckSymbolExists.c.o   -c /home/saumya/catkin_ws2/build/hector_geotiff_plugins/CMakeFiles/CMakeTmp/CheckSymbolExists.c
Linking C executable cmTC_030d9
/usr/bin/cmake -E cmake_link_script CMakeFiles/cmTC_030d9.dir/link.txt --verbose=1
/usr/bin/cc      -rdynamic CMakeFiles/cmTC_030d9.dir/CheckSymbolExists.c.o  -o cmTC_030d9 
CMakeFiles/cmTC_030d9.dir/CheckSymbolExists.c.o: In function `main':
CheckSymbolExists.c:(.text+0x1b): undefined reference to `pthread_create'
collect2: error: ld returned 1 exit status
CMakeFiles/cmTC_030d9.dir/build.make:97: recipe for target 'cmTC_030d9' failed
make[1]: *** [cmTC_030d9] Error 1
make[1]: Leaving directory '/home/saumya/catkin_ws2/build/hector_geotiff_plugins/CMakeFiles/CMakeTmp'
Makefile:126: recipe for target 'cmTC_030d9/fast' failed
make: *** [cmTC_030d9/fast] Error 2

File /home/saumya/catkin_ws2/build/hector_geotiff_plugins/CMakeFiles/CMakeTmp/CheckSymbolExists.c:
/* */
#include <pthread.h>

int main(int argc, char** argv)
{
  (void)argv;
#ifndef pthread_create
  return ((int*)(&pthread_create))[argc];
#else
  (void)argc;
  return 0;
#endif
}

Determining if the function pthread_create exists in the pthreads failed with the following output:
Change Dir: /home/saumya/catkin_ws2/build/hector_geotiff_plugins/CMakeFiles/CMakeTmp

Run Build Command:"/usr/bin/make" "cmTC_cebb7/fast"
/usr/bin/make -f CMakeFiles/cmTC_cebb7.dir/build.make CMakeFiles/cmTC_cebb7.dir/build
make[1]: Entering directory '/home/saumya/catkin_ws2/build/hector_geotiff_plugins/CMakeFiles/CMakeTmp'
Building C object CMakeFiles/cmTC_cebb7.dir/CheckFunctionExists.c.o
/usr/bin/cc   -DCHECK_FUNCTION_EXISTS=pthread_create   -o CMakeFiles/cmTC_cebb7.dir/CheckFunctionExists.c.o   -c /usr/share/cmake-3.10/Modules/CheckFunctionExists.c
Linking C executable cmTC_cebb7
/usr/bin/cmake -E cmake_link_script CMakeFiles/cmTC_cebb7.dir/link.txt --verbose=1
/usr/bin/cc  -DCHECK_FUNCTION_EXISTS=pthread_create    -rdynamic CMakeFiles/cmTC_cebb7.dir/CheckFunctionExists.c.o  -o cmTC_cebb7 -lpthreads 
/usr/bin/ld: cannot find -lpthreads
collect2: error: ld returned 1 exit status
CMakeFiles/cmTC_cebb7.dir/build.make:97: recipe for target 'cmTC_cebb7' failed
make[1]: *** [cmTC_cebb7] Error 1
make[1]: Leaving directory '/home/saumya/catkin_ws2/build/hector_geotiff_plugins/CMakeFiles/CMakeTmp'
Makefile:126: recipe for target 'cmTC_cebb7/fast' failed
make: *** [cmTC_cebb7/fast] Error 2


