Determining if the pthread_create exist failed with the following output:
Change Dir: /home/saumya/catkin_ws2/build/hector_compressed_map_transport/CMakeFiles/CMakeTmp

Run Build Command:"/usr/bin/make" "cmTC_db444/fast"
/usr/bin/make -f CMakeFiles/cmTC_db444.dir/build.make CMakeFiles/cmTC_db444.dir/build
make[1]: Entering directory '/home/saumya/catkin_ws2/build/hector_compressed_map_transport/CMakeFiles/CMakeTmp'
Building C object CMakeFiles/cmTC_db444.dir/CheckSymbolExists.c.o
/usr/bin/cc    -o CMakeFiles/cmTC_db444.dir/CheckSymbolExists.c.o   -c /home/saumya/catkin_ws2/build/hector_compressed_map_transport/CMakeFiles/CMakeTmp/CheckSymbolExists.c
Linking C executable cmTC_db444
/usr/bin/cmake -E cmake_link_script CMakeFiles/cmTC_db444.dir/link.txt --verbose=1
/usr/bin/cc      -rdynamic CMakeFiles/cmTC_db444.dir/CheckSymbolExists.c.o  -o cmTC_db444 
CMakeFiles/cmTC_db444.dir/CheckSymbolExists.c.o: In function `main':
CheckSymbolExists.c:(.text+0x1b): undefined reference to `pthread_create'
collect2: error: ld returned 1 exit status
CMakeFiles/cmTC_db444.dir/build.make:97: recipe for target 'cmTC_db444' failed
make[1]: *** [cmTC_db444] Error 1
make[1]: Leaving directory '/home/saumya/catkin_ws2/build/hector_compressed_map_transport/CMakeFiles/CMakeTmp'
Makefile:126: recipe for target 'cmTC_db444/fast' failed
make: *** [cmTC_db444/fast] Error 2

File /home/saumya/catkin_ws2/build/hector_compressed_map_transport/CMakeFiles/CMakeTmp/CheckSymbolExists.c:
/* */
#include <pthread.h>

int main(int argc, char** argv)
{
  (void)argv;
#ifndef pthread_create
  return ((int*)(&pthread_create))[argc];
#else
  (void)argc;
  return 0;
#endif
}

Determining if the function pthread_create exists in the pthreads failed with the following output:
Change Dir: /home/saumya/catkin_ws2/build/hector_compressed_map_transport/CMakeFiles/CMakeTmp

Run Build Command:"/usr/bin/make" "cmTC_58de0/fast"
/usr/bin/make -f CMakeFiles/cmTC_58de0.dir/build.make CMakeFiles/cmTC_58de0.dir/build
make[1]: Entering directory '/home/saumya/catkin_ws2/build/hector_compressed_map_transport/CMakeFiles/CMakeTmp'
Building C object CMakeFiles/cmTC_58de0.dir/CheckFunctionExists.c.o
/usr/bin/cc   -DCHECK_FUNCTION_EXISTS=pthread_create   -o CMakeFiles/cmTC_58de0.dir/CheckFunctionExists.c.o   -c /usr/share/cmake-3.10/Modules/CheckFunctionExists.c
Linking C executable cmTC_58de0
/usr/bin/cmake -E cmake_link_script CMakeFiles/cmTC_58de0.dir/link.txt --verbose=1
/usr/bin/cc  -DCHECK_FUNCTION_EXISTS=pthread_create    -rdynamic CMakeFiles/cmTC_58de0.dir/CheckFunctionExists.c.o  -o cmTC_58de0 -lpthreads 
/usr/bin/ld: cannot find -lpthreads
collect2: error: ld returned 1 exit status
CMakeFiles/cmTC_58de0.dir/build.make:97: recipe for target 'cmTC_58de0' failed
make[1]: *** [cmTC_58de0] Error 1
make[1]: Leaving directory '/home/saumya/catkin_ws2/build/hector_compressed_map_transport/CMakeFiles/CMakeTmp'
Makefile:126: recipe for target 'cmTC_58de0/fast' failed
make: *** [cmTC_58de0/fast] Error 2


