Determining if the pthread_create exist failed with the following output:
Change Dir: /home/saumya/catkin_ws2/build/quad/CMakeFiles/CMakeTmp

Run Build Command:"/usr/bin/make" "cmTC_861fa/fast"
/usr/bin/make -f CMakeFiles/cmTC_861fa.dir/build.make CMakeFiles/cmTC_861fa.dir/build
make[1]: Entering directory '/home/saumya/catkin_ws2/build/quad/CMakeFiles/CMakeTmp'
Building C object CMakeFiles/cmTC_861fa.dir/CheckSymbolExists.c.o
/usr/bin/cc    -o CMakeFiles/cmTC_861fa.dir/CheckSymbolExists.c.o   -c /home/saumya/catkin_ws2/build/quad/CMakeFiles/CMakeTmp/CheckSymbolExists.c
Linking C executable cmTC_861fa
/usr/bin/cmake -E cmake_link_script CMakeFiles/cmTC_861fa.dir/link.txt --verbose=1
/usr/bin/cc      -rdynamic CMakeFiles/cmTC_861fa.dir/CheckSymbolExists.c.o  -o cmTC_861fa 
CMakeFiles/cmTC_861fa.dir/CheckSymbolExists.c.o: In function `main':
CheckSymbolExists.c:(.text+0x1b): undefined reference to `pthread_create'
collect2: error: ld returned 1 exit status
CMakeFiles/cmTC_861fa.dir/build.make:97: recipe for target 'cmTC_861fa' failed
make[1]: *** [cmTC_861fa] Error 1
make[1]: Leaving directory '/home/saumya/catkin_ws2/build/quad/CMakeFiles/CMakeTmp'
Makefile:126: recipe for target 'cmTC_861fa/fast' failed
make: *** [cmTC_861fa/fast] Error 2

File /home/saumya/catkin_ws2/build/quad/CMakeFiles/CMakeTmp/CheckSymbolExists.c:
/* */
#include <pthread.h>

int main(int argc, char** argv)
{
  (void)argv;
#ifndef pthread_create
  return ((int*)(&pthread_create))[argc];
#else
  (void)argc;
  return 0;
#endif
}

Determining if the function pthread_create exists in the pthreads failed with the following output:
Change Dir: /home/saumya/catkin_ws2/build/quad/CMakeFiles/CMakeTmp

Run Build Command:"/usr/bin/make" "cmTC_59a78/fast"
/usr/bin/make -f CMakeFiles/cmTC_59a78.dir/build.make CMakeFiles/cmTC_59a78.dir/build
make[1]: Entering directory '/home/saumya/catkin_ws2/build/quad/CMakeFiles/CMakeTmp'
Building C object CMakeFiles/cmTC_59a78.dir/CheckFunctionExists.c.o
/usr/bin/cc   -DCHECK_FUNCTION_EXISTS=pthread_create   -o CMakeFiles/cmTC_59a78.dir/CheckFunctionExists.c.o   -c /usr/share/cmake-3.10/Modules/CheckFunctionExists.c
Linking C executable cmTC_59a78
/usr/bin/cmake -E cmake_link_script CMakeFiles/cmTC_59a78.dir/link.txt --verbose=1
/usr/bin/cc  -DCHECK_FUNCTION_EXISTS=pthread_create    -rdynamic CMakeFiles/cmTC_59a78.dir/CheckFunctionExists.c.o  -o cmTC_59a78 -lpthreads 
/usr/bin/ld: cannot find -lpthreads
collect2: error: ld returned 1 exit status
CMakeFiles/cmTC_59a78.dir/build.make:97: recipe for target 'cmTC_59a78' failed
make[1]: *** [cmTC_59a78] Error 1
make[1]: Leaving directory '/home/saumya/catkin_ws2/build/quad/CMakeFiles/CMakeTmp'
Makefile:126: recipe for target 'cmTC_59a78/fast' failed
make: *** [cmTC_59a78/fast] Error 2


